<?xml version="1.0" encoding="UTF-8"?>
<!-- Generated by org.testng.reporters.JUnitXMLReporter -->
<testsuite ignored="0" hostname="LAPTOP-RFQCTU9E" failures="0" tests="5" name="Surefire test" time="6.144" errors="0" timestamp="2025-08-23T17:43:06 EEST">
  <testcase classname="tests.AIBB_Test" name="createUserAndExtractId" time="3.292"/>
  <testcase classname="tests.AIBB_Test" name="loginAndExtractToken" time="0.581"/>
  <testcase classname="tests.AIBB_Test" name="updateUserAndVerify" time="0.562"/>
  <testcase classname="tests.AIBB_Test" name="deleteUserWithIdAndToken" time="0.519"/>
  <testcase classname="tests.AIBB_Test" name="verifyUserDeletion" time="0.476"/>
</testsuite> <!-- Surefire test -->
