<?xml version="1.0" encoding="UTF-8"?>
<testsuite xmlns:xsi="http://www.w3.org/2001/XMLSchema-instance" xsi:noNamespaceSchemaLocation="https://maven.apache.org/surefire/maven-surefire-plugin/xsd/surefire-test-report-3.0.xsd" version="3.0" name="tests.AIBB_Test" time="7.106" tests="5" errors="0" skipped="0" failures="0">
  <properties>
[...]
</properties>
  <testcase name="createUserAndExtractId" classname="tests.AIBB_Test" time="3.371"/>
  <testcase name="loginAndExtractToken" classname="tests.AIBB_Test" time="0.611"/>
  <testcase name="updateUserAndVerify" classname="tests.AIBB_Test" time="0.571"/>
  <testcase name="deleteUserWithIdAndToken" classname="tests.AIBB_Test" time="0.535"/>
  <testcase name="verifyUserDeletion" classname="tests.AIBB_Test" time="0.478"/>
</testsuite>